[debug] [2021-02-01T20:16:15.516Z] ----------------------------------------------------------------------
[debug] [2021-02-01T20:16:15.519Z] Command:       /usr/local/bin/node /usr/local/bin/firebase init
[debug] [2021-02-01T20:16:15.519Z] CLI Version:   9.2.2
[debug] [2021-02-01T20:16:15.519Z] Platform:      darwin
[debug] [2021-02-01T20:16:15.519Z] Node Version:  v12.18.3
[debug] [2021-02-01T20:16:15.520Z] Time:          Mon Feb 01 2021 15:16:15 GMT-0500 (Eastern Standard Time)
[debug] [2021-02-01T20:16:15.520Z] ----------------------------------------------------------------------
[debug] [2021-02-01T20:16:15.520Z] 
[debug] [2021-02-01T20:16:15.527Z] > command requires scopes: ["email","openid","https://www.googleapis.com/auth/cloudplatformprojects.readonly","https://www.googleapis.com/auth/firebase","https://www.googleapis.com/auth/cloud-platform"]
[debug] [2021-02-01T20:16:15.527Z] > authorizing via signed-in user
[info] 
     ######## #### ########  ######## ########     ###     ######  ########
     ##        ##  ##     ## ##       ##     ##  ##   ##  ##       ##
     ######    ##  ########  ######   ########  #########  ######  ######
     ##        ##  ##    ##  ##       ##     ## ##     ##       ## ##
     ##       #### ##     ## ######## ########  ##     ##  ######  ########

You're about to initialize a Firebase project in this directory:

  /Users/linhvu/fullstack/seniorPhase/capstone/pin-it-new

Before we get started, keep in mind:

  * You are initializing in an existing Firebase project directory

[info] 
=== Project Setup
[info] 
[info] First, let's associate this project directory with a Firebase project.
[info] You can create multiple project aliases by running firebase use --add, 
[info] but for now we'll just set up a default project.
[info] 
[info] i  .firebaserc already has a default project, using pin-it-8dd6e. 
[debug] [2021-02-01T20:17:17.792Z] > refreshing access token with scopes: []
[debug] [2021-02-01T20:17:17.792Z] >>> HTTP REQUEST POST https://www.googleapis.com/oauth2/v3/token  
 <request body omitted>
[debug] [2021-02-01T20:17:18.185Z] <<< HTTP RESPONSE 200 {"date":"Mon, 01 Feb 2021 20:17:22 GMT","cache-control":"no-cache, no-store, max-age=0, must-revalidate","expires":"Mon, 01 Jan 1990 00:00:00 GMT","pragma":"no-cache","content-type":"application/json; charset=utf-8","vary":"X-Origin, Referer, Origin,Accept-Encoding","server":"scaffolding on HTTPServer2","x-xss-protection":"0","x-frame-options":"SAMEORIGIN","x-content-type-options":"nosniff","alt-svc":"h3-29=\":443\"; ma=2592000,h3-T051=\":443\"; ma=2592000,h3-Q050=\":443\"; ma=2592000,h3-Q046=\":443\"; ma=2592000,h3-Q043=\":443\"; ma=2592000,quic=\":443\"; ma=2592000; v=\"46,43\"","accept-ranges":"none","transfer-encoding":"chunked"}
[debug] [2021-02-01T20:17:18.219Z] >>> [apiv2][query] GET https://firebase.googleapis.com/v1beta1/projects/pin-it-8dd6e [none]
[debug] [2021-02-01T20:17:18.579Z] <<< [apiv2][status] GET https://firebase.googleapis.com/v1beta1/projects/pin-it-8dd6e 403
[debug] [2021-02-01T20:17:18.580Z] <<< [apiv2][body] GET https://firebase.googleapis.com/v1beta1/projects/pin-it-8dd6e {"error":{"code":403,"message":"The caller does not have permission","status":"PERMISSION_DENIED"}}
[debug] [2021-02-01T20:17:18.580Z] HTTP Error: 403, The caller does not have permission
[debug] [2021-02-01T20:17:18.659Z] FirebaseError: HTTP Error: 403, The caller does not have permission
    at module.exports (/usr/local/lib/node_modules/firebase-tools/lib/responseToError.js:38:12)
    at Client.doRequest (/usr/local/lib/node_modules/firebase-tools/lib/apiv2.js:221:23)
    at processTicksAndRejections (internal/process/task_queues.js:97:5)
    at async Client.request (/usr/local/lib/node_modules/firebase-tools/lib/apiv2.js:93:20)
    at async Object.getFirebaseProject (/usr/local/lib/node_modules/firebase-tools/lib/management/projects.js:289:21)
    at async Object.doSetup [as project] (/usr/local/lib/node_modules/firebase-tools/lib/init/features/project.js:77:27)
    at async init (/usr/local/lib/node_modules/firebase-tools/lib/init/index.js:19:9)
[error] 
[error] Error: Failed to get Firebase project pin-it-8dd6e. Please make sure the project exists and your account has permission to access it.
